Classic Timing Analyzer report for CONG4BIT
Tue May 29 14:02:11 2018
Quartus II Version 9.0 Build 235 06/17/2009 Service Pack 2 SJ Web Edition


---------------------
; Table of Contents ;
---------------------
  1. Legal Notice
  2. Timing Analyzer Summary
  3. Timing Analyzer Settings
  4. Parallel Compilation
  5. tpd
  6. Timing Analyzer Messages



----------------
; Legal Notice ;
----------------
Copyright (C) 1991-2009 Altera Corporation
Your use of Altera Corporation's design tools, logic functions 
and other software and tools, and its AMPP partner logic 
functions, and any output files from any of the foregoing 
(including device programming or simulation files), and any 
associated documentation or information are expressly subject 
to the terms and conditions of the Altera Program License 
Subscription Agreement, Altera MegaCore Function License 
Agreement, or other applicable license agreement, including, 
without limitation, that your use is for the sole purpose of 
programming logic devices manufactured by Altera and sold by 
Altera or its authorized distributors.  Please refer to the 
applicable agreement for further details.



+-------------------------------------------------------------------------------------------------------------------------+
; Timing Analyzer Summary                                                                                                 ;
+------------------------------+-------+---------------+-------------+------+------+------------+----------+--------------+
; Type                         ; Slack ; Required Time ; Actual Time ; From ; To   ; From Clock ; To Clock ; Failed Paths ;
+------------------------------+-------+---------------+-------------+------+------+------------+----------+--------------+
; Worst-case tpd               ; N/A   ; None          ; 10.295 ns   ; A[1] ; S[4] ; --         ; --       ; 0            ;
; Total number of failed paths ;       ;               ;             ;      ;      ;            ;          ; 0            ;
+------------------------------+-------+---------------+-------------+------+------+------------+----------+--------------+


+--------------------------------------------------------------------------------------------------------------------+
; Timing Analyzer Settings                                                                                           ;
+---------------------------------------------------------------------+--------------------+------+----+-------------+
; Option                                                              ; Setting            ; From ; To ; Entity Name ;
+---------------------------------------------------------------------+--------------------+------+----+-------------+
; Device Name                                                         ; EP2C70F896C6       ;      ;    ;             ;
; Timing Models                                                       ; Final              ;      ;    ;             ;
; Default hold multicycle                                             ; Same as Multicycle ;      ;    ;             ;
; Cut paths between unrelated clock domains                           ; On                 ;      ;    ;             ;
; Cut off read during write signal paths                              ; On                 ;      ;    ;             ;
; Cut off feedback from I/O pins                                      ; On                 ;      ;    ;             ;
; Report Combined Fast/Slow Timing                                    ; Off                ;      ;    ;             ;
; Ignore Clock Settings                                               ; Off                ;      ;    ;             ;
; Analyze latches as synchronous elements                             ; On                 ;      ;    ;             ;
; Enable Recovery/Removal analysis                                    ; Off                ;      ;    ;             ;
; Enable Clock Latency                                                ; Off                ;      ;    ;             ;
; Use TimeQuest Timing Analyzer                                       ; Off                ;      ;    ;             ;
; Minimum Core Junction Temperature                                   ; 0                  ;      ;    ;             ;
; Maximum Core Junction Temperature                                   ; 85                 ;      ;    ;             ;
; Number of source nodes to report per destination node               ; 10                 ;      ;    ;             ;
; Number of destination nodes to report                               ; 10                 ;      ;    ;             ;
; Number of paths to report                                           ; 200                ;      ;    ;             ;
; Report Minimum Timing Checks                                        ; Off                ;      ;    ;             ;
; Use Fast Timing Models                                              ; Off                ;      ;    ;             ;
; Report IO Paths Separately                                          ; Off                ;      ;    ;             ;
; Perform Multicorner Analysis                                        ; On                 ;      ;    ;             ;
; Reports the worst-case path for each clock domain and analysis      ; Off                ;      ;    ;             ;
; Removes common clock path pessimism (CCPP) during slack computation ; Off                ;      ;    ;             ;
; Output I/O Timing Endpoint                                          ; Near End           ;      ;    ;             ;
+---------------------------------------------------------------------+--------------------+------+----+-------------+


Parallel compilation was disabled, but you have multiple processors available. Enable parallel compilation to reduce compilation time.
+-------------------------------------+
; Parallel Compilation                ;
+----------------------------+--------+
; Processors                 ; Number ;
+----------------------------+--------+
; Number detected on machine ; 2      ;
; Maximum allowed            ; 1      ;
+----------------------------+--------+


+-----------------------------------------------------------+
; tpd                                                       ;
+-------+-------------------+-----------------+------+------+
; Slack ; Required P2P Time ; Actual P2P Time ; From ; To   ;
+-------+-------------------+-----------------+------+------+
; N/A   ; None              ; 10.295 ns       ; A[1] ; S[4] ;
; N/A   ; None              ; 10.159 ns       ; A[1] ; S[3] ;
; N/A   ; None              ; 9.939 ns        ; B[1] ; S[4] ;
; N/A   ; None              ; 9.888 ns        ; A[2] ; S[4] ;
; N/A   ; None              ; 9.803 ns        ; B[1] ; S[3] ;
; N/A   ; None              ; 9.752 ns        ; A[2] ; S[3] ;
; N/A   ; None              ; 9.733 ns        ; B[2] ; S[4] ;
; N/A   ; None              ; 9.597 ns        ; B[2] ; S[3] ;
; N/A   ; None              ; 9.563 ns        ; A[1] ; S[2] ;
; N/A   ; None              ; 9.407 ns        ; A[3] ; S[4] ;
; N/A   ; None              ; 9.304 ns        ; B[3] ; S[4] ;
; N/A   ; None              ; 9.269 ns        ; A[3] ; S[3] ;
; N/A   ; None              ; 9.207 ns        ; B[1] ; S[2] ;
; N/A   ; None              ; 9.172 ns        ; B[3] ; S[3] ;
; N/A   ; None              ; 9.170 ns        ; A[1] ; S[1] ;
; N/A   ; None              ; 9.153 ns        ; A[2] ; S[2] ;
; N/A   ; None              ; 9.002 ns        ; B[2] ; S[2] ;
; N/A   ; None              ; 8.812 ns        ; B[1] ; S[1] ;
; N/A   ; None              ; 7.781 ns        ; B[0] ; S[4] ;
; N/A   ; None              ; 7.732 ns        ; A[0] ; S[4] ;
; N/A   ; None              ; 7.645 ns        ; B[0] ; S[3] ;
; N/A   ; None              ; 7.596 ns        ; A[0] ; S[3] ;
; N/A   ; None              ; 7.049 ns        ; B[0] ; S[2] ;
; N/A   ; None              ; 7.000 ns        ; A[0] ; S[2] ;
; N/A   ; None              ; 6.654 ns        ; B[0] ; S[1] ;
; N/A   ; None              ; 6.601 ns        ; A[0] ; S[1] ;
; N/A   ; None              ; 6.586 ns        ; B[0] ; S[0] ;
; N/A   ; None              ; 6.537 ns        ; A[0] ; S[0] ;
+-------+-------------------+-----------------+------+------+


+--------------------------+
; Timing Analyzer Messages ;
+--------------------------+
Info: *******************************************************************
Info: Running Quartus II Classic Timing Analyzer
    Info: Version 9.0 Build 235 06/17/2009 Service Pack 2 SJ Web Edition
    Info: Processing started: Tue May 29 14:02:11 2018
Info: Command: quartus_tan --read_settings_files=off --write_settings_files=off CONG4BIT -c CONG4BIT --timing_analysis_only
Info: Longest tpd from source pin "A[1]" to destination pin "S[4]" is 10.295 ns
    Info: 1: + IC(0.000 ns) + CELL(0.842 ns) = 0.842 ns; Loc. = PIN_G5; Fanout = 2; PIN Node = 'A[1]'
    Info: 2: + IC(4.497 ns) + CELL(0.437 ns) = 5.776 ns; Loc. = LCCOMB_X1_Y48_N0; Fanout = 3; COMB Node = 'FA:inst1|inst5~0'
    Info: 3: + IC(0.268 ns) + CELL(0.150 ns) = 6.194 ns; Loc. = LCCOMB_X1_Y48_N12; Fanout = 2; COMB Node = 'FA:inst2|inst5~1'
    Info: 4: + IC(0.268 ns) + CELL(0.438 ns) = 6.900 ns; Loc. = LCCOMB_X1_Y48_N22; Fanout = 1; COMB Node = 'FA:inst3|inst5~0'
    Info: 5: + IC(0.743 ns) + CELL(2.652 ns) = 10.295 ns; Loc. = PIN_G3; Fanout = 0; PIN Node = 'S[4]'
    Info: Total cell delay = 4.519 ns ( 43.90 % )
    Info: Total interconnect delay = 5.776 ns ( 56.10 % )
Info: Quartus II Classic Timing Analyzer was successful. 0 errors, 0 warnings
    Info: Peak virtual memory: 209 megabytes
    Info: Processing ended: Tue May 29 14:02:12 2018
    Info: Elapsed time: 00:00:01
    Info: Total CPU time (on all processors): 00:00:00


