Flow report for RAM8BYTE
Tue May 29 15:38:33 2018
Quartus II Version 9.0 Build 235 06/17/2009 Service Pack 2 SJ Web Edition


---------------------
; Table of Contents ;
---------------------
  1. Legal Notice
  2. Flow Summary
  3. Flow Settings
  4. Flow Non-Default Global Settings
  5. Flow Elapsed Time
  6. Flow OS Summary
  7. Flow Log



----------------
; Legal Notice ;
----------------
Copyright (C) 1991-2009 Altera Corporation
Your use of Altera Corporation's design tools, logic functions 
and other software and tools, and its AMPP partner logic 
functions, and any output files from any of the foregoing 
(including device programming or simulation files), and any 
associated documentation or information are expressly subject 
to the terms and conditions of the Altera Program License 
Subscription Agreement, Altera MegaCore Function License 
Agreement, or other applicable license agreement, including, 
without limitation, that your use is for the sole purpose of 
programming logic devices manufactured by Altera and sold by 
Altera or its authorized distributors.  Please refer to the 
applicable agreement for further details.



+-----------------------------------------------------------------------------------+
; Flow Summary                                                                      ;
+------------------------------------+----------------------------------------------+
; Flow Status                        ; Successful - Tue May 29 15:38:33 2018        ;
; Quartus II Version                 ; 9.0 Build 235 06/17/2009 SP 2 SJ Web Edition ;
; Revision Name                      ; RAM8BYTE                                     ;
; Top-level Entity Name              ; RAM8BYTE                                     ;
; Family                             ; Cyclone II                                   ;
; Device                             ; EP2C70F896C6                                 ;
; Timing Models                      ; Final                                        ;
; Met timing requirements            ; Yes                                          ;
; Total logic elements               ; 0 / 68,416 ( 0 % )                           ;
;     Total combinational functions  ; 0 / 68,416 ( 0 % )                           ;
;     Dedicated logic registers      ; 0 / 68,416 ( 0 % )                           ;
; Total registers                    ; 0                                            ;
; Total pins                         ; 21 / 622 ( 3 % )                             ;
; Total virtual pins                 ; 0                                            ;
; Total memory bits                  ; 64 / 1,152,000 ( < 1 % )                     ;
; Embedded Multiplier 9-bit elements ; 0 / 300 ( 0 % )                              ;
; Total PLLs                         ; 0 / 4 ( 0 % )                                ;
+------------------------------------+----------------------------------------------+


+-----------------------------------------+
; Flow Settings                           ;
+-------------------+---------------------+
; Option            ; Setting             ;
+-------------------+---------------------+
; Start date & time ; 05/29/2018 15:38:16 ;
; Main task         ; Compilation         ;
; Revision Name     ; RAM8BYTE            ;
+-------------------+---------------------+


+---------------------------------------------------------------------------------------------------------------------+
; Flow Non-Default Global Settings                                                                                    ;
+------------------------------------+---------------------------------+---------------+-------------+----------------+
; Assignment Name                    ; Value                           ; Default Value ; Entity Name ; Section Id     ;
+------------------------------------+---------------------------------+---------------+-------------+----------------+
; COMPILER_SIGNATURE_ID              ; 119004510443351.152758309603192 ; --            ; --          ; --             ;
; IP_TOOL_NAME                       ; RAM: 1-PORT                     ; --            ; --          ; --             ;
; IP_TOOL_VERSION                    ; 9.0                             ; --            ; --          ; --             ;
; MAX_CORE_JUNCTION_TEMP             ; 85                              ; --            ; --          ; --             ;
; MIN_CORE_JUNCTION_TEMP             ; 0                               ; --            ; --          ; --             ;
; MISC_FILE                          ; RAM.bsf                         ; --            ; --          ; --             ;
; PARTITION_COLOR                    ; 16764057                        ; --            ; --          ; Top            ;
; PARTITION_NETLIST_TYPE             ; SOURCE                          ; --            ; --          ; Top            ;
; USE_GENERATED_PHYSICAL_CONSTRAINTS ; Off                             ; --            ; --          ; eda_blast_fpga ;
+------------------------------------+---------------------------------+---------------+-------------+----------------+


+-----------------------------------------------------------------------------------------------------------------------------+
; Flow Elapsed Time                                                                                                           ;
+-------------------------+--------------+-------------------------+---------------------+------------------------------------+
; Module Name             ; Elapsed Time ; Average Processors Used ; Peak Virtual Memory ; Total CPU Time (on all processors) ;
+-------------------------+--------------+-------------------------+---------------------+------------------------------------+
; Analysis & Synthesis    ; 00:00:00     ; 1.0                     ; 248 MB              ; 00:00:01                           ;
; Fitter                  ; 00:00:09     ; 1.0                     ; 399 MB              ; 00:00:09                           ;
; Assembler               ; 00:00:04     ; 1.0                     ; 361 MB              ; 00:00:04                           ;
; Classic Timing Analyzer ; 00:00:00     ; 1.0                     ; 196 MB              ; 00:00:00                           ;
; Total                   ; 00:00:13     ; --                      ; --                  ; 00:00:14                           ;
+-------------------------+--------------+-------------------------+---------------------+------------------------------------+


+------------------------------------------------------------------------------------------+
; Flow OS Summary                                                                          ;
+-------------------------+------------------+---------------+------------+----------------+
; Module Name             ; Machine Hostname ; OS Name       ; OS Version ; Processor type ;
+-------------------------+------------------+---------------+------------+----------------+
; Analysis & Synthesis    ; DESKTOP-MMAA2AP  ; Windows Vista ; 6.2        ; x86_64         ;
; Fitter                  ; DESKTOP-MMAA2AP  ; Windows Vista ; 6.2        ; x86_64         ;
; Assembler               ; DESKTOP-MMAA2AP  ; Windows Vista ; 6.2        ; x86_64         ;
; Classic Timing Analyzer ; DESKTOP-MMAA2AP  ; Windows Vista ; 6.2        ; x86_64         ;
+-------------------------+------------------+---------------+------------+----------------+


------------
; Flow Log ;
------------
quartus_map --read_settings_files=on --write_settings_files=off RAM8BYTE -c RAM8BYTE
quartus_fit --read_settings_files=off --write_settings_files=off RAM8BYTE -c RAM8BYTE
quartus_asm --read_settings_files=off --write_settings_files=off RAM8BYTE -c RAM8BYTE
quartus_tan --read_settings_files=off --write_settings_files=off RAM8BYTE -c RAM8BYTE --timing_analysis_only



