Classic Timing Analyzer report for ALU_1BIT_4CN
Tue Jan 01 02:41:39 2008
Quartus II Version 9.0 Build 184 04/29/2009 Service Pack 1 SJ Web Edition


---------------------
; Table of Contents ;
---------------------
  1. Legal Notice
  2. Timing Analyzer Summary
  3. Timing Analyzer Settings
  4. Parallel Compilation
  5. tpd
  6. Timing Analyzer Messages



----------------
; Legal Notice ;
----------------
Copyright (C) 1991-2009 Altera Corporation
Your use of Altera Corporation's design tools, logic functions 
and other software and tools, and its AMPP partner logic 
functions, and any output files from any of the foregoing 
(including device programming or simulation files), and any 
associated documentation or information are expressly subject 
to the terms and conditions of the Altera Program License 
Subscription Agreement, Altera MegaCore Function License 
Agreement, or other applicable license agreement, including, 
without limitation, that your use is for the sole purpose of 
programming logic devices manufactured by Altera and sold by 
Altera or its authorized distributors.  Please refer to the 
applicable agreement for further details.



+--------------------------------------------------------------------------------------------------------------------------+
; Timing Analyzer Summary                                                                                                  ;
+------------------------------+-------+---------------+-------------+---------+----+------------+----------+--------------+
; Type                         ; Slack ; Required Time ; Actual Time ; From    ; To ; From Clock ; To Clock ; Failed Paths ;
+------------------------------+-------+---------------+-------------+---------+----+------------+----------+--------------+
; Worst-case tpd               ; N/A   ; None          ; 10.345 ns   ; CONTROL ; M  ; --         ; --       ; 0            ;
; Total number of failed paths ;       ;               ;             ;         ;    ;            ;          ; 0            ;
+------------------------------+-------+---------------+-------------+---------+----+------------+----------+--------------+


+--------------------------------------------------------------------------------------------------------------------+
; Timing Analyzer Settings                                                                                           ;
+---------------------------------------------------------------------+--------------------+------+----+-------------+
; Option                                                              ; Setting            ; From ; To ; Entity Name ;
+---------------------------------------------------------------------+--------------------+------+----+-------------+
; Device Name                                                         ; EP2C70F896C6       ;      ;    ;             ;
; Timing Models                                                       ; Final              ;      ;    ;             ;
; Default hold multicycle                                             ; Same as Multicycle ;      ;    ;             ;
; Cut paths between unrelated clock domains                           ; On                 ;      ;    ;             ;
; Cut off read during write signal paths                              ; On                 ;      ;    ;             ;
; Cut off feedback from I/O pins                                      ; On                 ;      ;    ;             ;
; Report Combined Fast/Slow Timing                                    ; Off                ;      ;    ;             ;
; Ignore Clock Settings                                               ; Off                ;      ;    ;             ;
; Analyze latches as synchronous elements                             ; On                 ;      ;    ;             ;
; Enable Recovery/Removal analysis                                    ; Off                ;      ;    ;             ;
; Enable Clock Latency                                                ; Off                ;      ;    ;             ;
; Use TimeQuest Timing Analyzer                                       ; Off                ;      ;    ;             ;
; Minimum Core Junction Temperature                                   ; 0                  ;      ;    ;             ;
; Maximum Core Junction Temperature                                   ; 85                 ;      ;    ;             ;
; Number of source nodes to report per destination node               ; 10                 ;      ;    ;             ;
; Number of destination nodes to report                               ; 10                 ;      ;    ;             ;
; Number of paths to report                                           ; 200                ;      ;    ;             ;
; Report Minimum Timing Checks                                        ; Off                ;      ;    ;             ;
; Use Fast Timing Models                                              ; Off                ;      ;    ;             ;
; Report IO Paths Separately                                          ; Off                ;      ;    ;             ;
; Perform Multicorner Analysis                                        ; On                 ;      ;    ;             ;
; Reports the worst-case path for each clock domain and analysis      ; Off                ;      ;    ;             ;
; Removes common clock path pessimism (CCPP) during slack computation ; Off                ;      ;    ;             ;
; Output I/O Timing Endpoint                                          ; Near End           ;      ;    ;             ;
+---------------------------------------------------------------------+--------------------+------+----+-------------+


Parallel compilation was disabled, but you have multiple processors available. Enable parallel compilation to reduce compilation time.
+-------------------------------------+
; Parallel Compilation                ;
+----------------------------+--------+
; Processors                 ; Number ;
+----------------------------+--------+
; Number detected on machine ; 2      ;
; Maximum allowed            ; 1      ;
+----------------------------+--------+


+-------------------------------------------------------------+
; tpd                                                         ;
+-------+-------------------+-----------------+---------+-----+
; Slack ; Required P2P Time ; Actual P2P Time ; From    ; To  ;
+-------+-------------------+-----------------+---------+-----+
; N/A   ; None              ; 10.345 ns       ; CONTROL ; M   ;
; N/A   ; None              ; 10.068 ns       ; S0      ; M   ;
; N/A   ; None              ; 9.979 ns        ; CIN     ; M   ;
; N/A   ; None              ; 9.928 ns        ; S1      ; M   ;
; N/A   ; None              ; 9.891 ns        ; CONTROL ; D1  ;
; N/A   ; None              ; 9.525 ns        ; CIN     ; D1  ;
; N/A   ; None              ; 8.780 ns        ; S0      ; S01 ;
; N/A   ; None              ; 6.354 ns        ; A       ; M   ;
; N/A   ; None              ; 6.353 ns        ; B       ; M   ;
; N/A   ; None              ; 5.899 ns        ; B       ; D1  ;
; N/A   ; None              ; 5.701 ns        ; A       ; B1  ;
; N/A   ; None              ; 5.679 ns        ; A       ; C1  ;
; N/A   ; None              ; 5.678 ns        ; A       ; D1  ;
; N/A   ; None              ; 5.645 ns        ; A       ; A1  ;
; N/A   ; None              ; 5.376 ns        ; B       ; B1  ;
; N/A   ; None              ; 5.355 ns        ; B       ; C1  ;
; N/A   ; None              ; 5.347 ns        ; B       ; A1  ;
+-------+-------------------+-----------------+---------+-----+


+--------------------------+
; Timing Analyzer Messages ;
+--------------------------+
Info: *******************************************************************
Info: Running Quartus II Classic Timing Analyzer
    Info: Version 9.0 Build 184 04/29/2009 Service Pack 1 SJ Web Edition
    Info: Processing started: Tue Jan 01 02:41:38 2008
Info: Command: quartus_tan --read_settings_files=off --write_settings_files=off ALU_1BIT_4CN -c ALU_1BIT_4CN --timing_analysis_only
Info: Longest tpd from source pin "CONTROL" to destination pin "M" is 10.345 ns
    Info: 1: + IC(0.000 ns) + CELL(0.810 ns) = 0.810 ns; Loc. = PIN_G17; Fanout = 1; PIN Node = 'CONTROL'
    Info: 2: + IC(5.033 ns) + CELL(0.438 ns) = 6.281 ns; Loc. = LCCOMB_X50_Y50_N10; Fanout = 2; COMB Node = 'FA:inst4|inst2~0'
    Info: 3: + IC(0.267 ns) + CELL(0.437 ns) = 6.985 ns; Loc. = LCCOMB_X50_Y50_N12; Fanout = 1; COMB Node = 'MUX_4_1_1BIT:inst6|inst5~1'
    Info: 4: + IC(0.572 ns) + CELL(2.788 ns) = 10.345 ns; Loc. = PIN_C16; Fanout = 0; PIN Node = 'M'
    Info: Total cell delay = 4.473 ns ( 43.24 % )
    Info: Total interconnect delay = 5.872 ns ( 56.76 % )
Info: Quartus II Classic Timing Analyzer was successful. 0 errors, 0 warnings
    Info: Peak virtual memory: 138 megabytes
    Info: Processing ended: Tue Jan 01 02:41:39 2008
    Info: Elapsed time: 00:00:01
    Info: Total CPU time (on all processors): 00:00:01


